2024-05-19 21:15:02,253 - utils - INFO - Splitting dataset into 5 batches and saving to data\batches
2024-05-19 21:18:49,862 - utils - INFO - Epoch 1/10:
2024-05-19 21:30:45,193 - utils - INFO - Skipped 0 batches during training
2024-05-19 21:38:12,688 - utils - INFO - Skipped 0 batches during validation
2024-05-19 21:38:12,690 - utils - INFO - Train Loss: 1.1482, Val Loss: 0.7602, Val Acc: 0.7380
2024-05-19 21:38:12,690 - utils - INFO - Epoch 2/10:
2024-05-19 21:38:45,933 - utils - INFO - Skipped 0 batches during training
2024-05-19 21:39:00,899 - utils - INFO - Skipped 0 batches during validation
2024-05-19 21:39:00,900 - utils - INFO - Train Loss: 0.8208, Val Loss: 0.5879, Val Acc: 0.7942
2024-05-19 21:39:00,900 - utils - INFO - Epoch 3/10:
2024-05-19 21:39:25,808 - utils - INFO - Skipped 0 batches during training
2024-05-19 21:39:40,667 - utils - INFO - Skipped 0 batches during validation
2024-05-19 21:39:40,667 - utils - INFO - Train Loss: 0.6652, Val Loss: 0.8670, Val Acc: 0.6960
2024-05-19 21:39:40,667 - utils - INFO - Epoch 4/10:
2024-05-19 21:40:05,824 - utils - INFO - Skipped 0 batches during training
2024-05-19 21:40:21,179 - utils - INFO - Skipped 0 batches during validation
2024-05-19 21:40:21,179 - utils - INFO - Train Loss: 0.5702, Val Loss: 0.5090, Val Acc: 0.8264
2024-05-19 21:40:21,179 - utils - INFO - Epoch 5/10:
2024-05-19 21:40:45,126 - utils - INFO - Skipped 0 batches during training
2024-05-19 21:40:59,653 - utils - INFO - Skipped 0 batches during validation
2024-05-19 21:40:59,653 - utils - INFO - Train Loss: 0.4923, Val Loss: 1.1274, Val Acc: 0.6715
2024-05-19 21:40:59,653 - utils - INFO - Epoch 6/10:
2024-05-19 21:41:23,035 - utils - INFO - Skipped 0 batches during training
2024-05-19 21:41:37,118 - utils - INFO - Skipped 0 batches during validation
2024-05-19 21:41:37,118 - utils - INFO - Train Loss: 0.4456, Val Loss: 0.2764, Val Acc: 0.9039
2024-05-19 21:41:37,118 - utils - INFO - Epoch 7/10:
2024-05-19 21:42:02,932 - utils - INFO - Skipped 0 batches during training
2024-05-19 21:42:18,234 - utils - INFO - Skipped 0 batches during validation
2024-05-19 21:42:18,234 - utils - INFO - Train Loss: 0.3414, Val Loss: 0.4121, Val Acc: 0.8599
2024-05-19 21:42:18,236 - utils - INFO - Epoch 8/10:
2024-05-19 21:42:43,180 - utils - INFO - Skipped 0 batches during training
2024-05-19 21:42:58,620 - utils - INFO - Skipped 0 batches during validation
2024-05-19 21:42:58,620 - utils - INFO - Train Loss: 0.3493, Val Loss: 0.3101, Val Acc: 0.8975
2024-05-19 21:42:58,621 - utils - INFO - Epoch 9/10:
2024-05-19 21:43:24,323 - utils - INFO - Skipped 0 batches during training
2024-05-19 21:43:39,899 - utils - INFO - Skipped 0 batches during validation
2024-05-19 21:43:39,899 - utils - INFO - Train Loss: 0.3052, Val Loss: 0.2073, Val Acc: 0.9267
2024-05-19 21:43:39,900 - utils - INFO - Epoch 10/10:
2024-05-19 21:44:05,672 - utils - INFO - Skipped 0 batches during training
2024-05-19 21:44:21,316 - utils - INFO - Skipped 0 batches during validation
2024-05-19 21:44:21,316 - utils - INFO - Train Loss: 0.2202, Val Loss: 0.1073, Val Acc: 0.9650
2024-05-19 21:46:21,504 - utils - INFO - Epoch 1/10:
2024-05-19 21:57:33,082 - utils - INFO - Skipped 0 batches during training
2024-05-19 21:57:48,377 - utils - INFO - Skipped 0 batches during validation
2024-05-19 21:57:48,378 - utils - INFO - Train Loss: 0.9913, Val Loss: 0.8462, Val Acc: 0.7121
2024-05-19 21:57:48,378 - utils - INFO - Epoch 2/10:
2024-05-19 21:58:13,200 - utils - INFO - Skipped 0 batches during training
2024-05-19 21:58:28,356 - utils - INFO - Skipped 0 batches during validation
2024-05-19 21:58:28,357 - utils - INFO - Train Loss: 1.0529, Val Loss: 4.9314, Val Acc: 0.6376
2024-05-19 21:58:28,357 - utils - INFO - Epoch 3/10:
2024-05-19 21:58:53,456 - utils - INFO - Skipped 0 batches during training
2024-05-19 21:59:08,340 - utils - INFO - Skipped 0 batches during validation
2024-05-19 21:59:08,341 - utils - INFO - Train Loss: 0.7187, Val Loss: 0.4902, Val Acc: 0.8315
2024-05-19 21:59:08,341 - utils - INFO - Epoch 4/10:
2024-05-19 21:59:33,151 - utils - INFO - Skipped 0 batches during training
2024-05-19 21:59:48,482 - utils - INFO - Skipped 0 batches during validation
2024-05-19 21:59:48,482 - utils - INFO - Train Loss: 0.5704, Val Loss: 0.4187, Val Acc: 0.8564
2024-05-19 21:59:48,482 - utils - INFO - Epoch 5/10:
2024-05-19 22:00:13,506 - utils - INFO - Skipped 0 batches during training
2024-05-19 22:00:28,447 - utils - INFO - Skipped 0 batches during validation
2024-05-19 22:00:28,448 - utils - INFO - Train Loss: 0.4827, Val Loss: 0.4253, Val Acc: 0.8584
2024-05-19 22:00:28,448 - utils - INFO - Epoch 6/10:
2024-05-19 22:00:53,475 - utils - INFO - Skipped 0 batches during training
2024-05-19 22:01:08,443 - utils - INFO - Skipped 0 batches during validation
2024-05-19 22:01:08,443 - utils - INFO - Train Loss: 0.4170, Val Loss: 0.2582, Val Acc: 0.9157
2024-05-19 22:01:08,443 - utils - INFO - Epoch 7/10:
2024-05-19 22:01:33,404 - utils - INFO - Skipped 0 batches during training
2024-05-19 22:01:48,746 - utils - INFO - Skipped 0 batches during validation
2024-05-19 22:01:48,746 - utils - INFO - Train Loss: 0.3993, Val Loss: 0.2973, Val Acc: 0.8998
2024-05-19 22:01:48,746 - utils - INFO - Epoch 8/10:
2024-05-19 22:02:13,678 - utils - INFO - Skipped 0 batches during training
2024-05-19 22:02:28,650 - utils - INFO - Skipped 0 batches during validation
2024-05-19 22:02:28,650 - utils - INFO - Train Loss: 0.3312, Val Loss: 0.1709, Val Acc: 0.9427
2024-05-19 22:02:28,650 - utils - INFO - Epoch 9/10:
2024-05-19 22:02:53,724 - utils - INFO - Skipped 0 batches during training
2024-05-19 22:03:08,542 - utils - INFO - Skipped 0 batches during validation
2024-05-19 22:03:08,542 - utils - INFO - Train Loss: 0.2600, Val Loss: 0.4279, Val Acc: 0.8656
2024-05-19 22:03:08,542 - utils - INFO - Epoch 10/10:
2024-05-19 22:03:33,439 - utils - INFO - Skipped 0 batches during training
2024-05-19 22:03:48,831 - utils - INFO - Skipped 0 batches during validation
2024-05-19 22:03:48,831 - utils - INFO - Train Loss: 0.4417, Val Loss: 0.2132, Val Acc: 0.9308
2024-05-20 00:48:01,593 - utils - INFO - Splitting dataset into 5 batches and saving to data\batches
2024-05-20 01:10:37,460 - utils - INFO - Epoch 1/10:
2024-05-20 01:19:45,739 - utils - INFO - Skipped 0 batches during training
2024-05-20 01:20:02,581 - utils - INFO - Skipped 0 batches during validation
2024-05-20 01:20:02,582 - utils - INFO - Train Loss: 0.9846, Val Loss: 0.7329, Val Acc: 0.7527
2024-05-20 01:20:02,582 - utils - INFO - Epoch 2/10:
2024-05-20 01:20:29,452 - utils - INFO - Skipped 0 batches during training
2024-05-20 01:20:46,416 - utils - INFO - Skipped 0 batches during validation
2024-05-20 01:20:46,416 - utils - INFO - Train Loss: 0.8715, Val Loss: 0.9244, Val Acc: 0.6707
2024-05-20 01:20:46,417 - utils - INFO - Epoch 3/10:
2024-05-20 01:21:13,621 - utils - INFO - Skipped 0 batches during training
2024-05-20 01:21:30,480 - utils - INFO - Skipped 0 batches during validation
2024-05-20 01:21:30,481 - utils - INFO - Train Loss: 0.6729, Val Loss: 0.4666, Val Acc: 0.8473
2024-05-20 01:21:30,481 - utils - INFO - Epoch 4/10:
2024-05-20 01:21:57,769 - utils - INFO - Skipped 0 batches during training
2024-05-20 01:22:14,776 - utils - INFO - Skipped 0 batches during validation
2024-05-20 01:22:14,776 - utils - INFO - Train Loss: 0.7266, Val Loss: 0.4532, Val Acc: 0.8493
2024-05-20 01:22:14,776 - utils - INFO - Epoch 5/10:
2024-05-20 01:22:41,866 - utils - INFO - Skipped 0 batches during training
2024-05-20 01:22:58,625 - utils - INFO - Skipped 0 batches during validation
2024-05-20 01:22:58,626 - utils - INFO - Train Loss: 0.4923, Val Loss: 0.5164, Val Acc: 0.8185
2024-05-20 01:22:58,626 - utils - INFO - Epoch 6/10:
2024-05-20 01:23:24,926 - utils - INFO - Skipped 0 batches during training
2024-05-20 01:23:41,163 - utils - INFO - Skipped 0 batches during validation
2024-05-20 01:23:41,163 - utils - INFO - Train Loss: 0.4143, Val Loss: 0.2596, Val Acc: 0.9138
2024-05-20 01:23:41,164 - utils - INFO - Epoch 7/10:
2024-05-20 01:24:07,666 - utils - INFO - Skipped 0 batches during training
2024-05-20 01:24:24,093 - utils - INFO - Skipped 0 batches during validation
2024-05-20 01:24:24,093 - utils - INFO - Train Loss: 0.4482, Val Loss: 1.3151, Val Acc: 0.5697
2024-05-20 01:24:24,093 - utils - INFO - Epoch 8/10:
2024-05-20 01:24:50,528 - utils - INFO - Skipped 0 batches during training
2024-05-20 01:25:06,735 - utils - INFO - Skipped 0 batches during validation
2024-05-20 01:25:06,735 - utils - INFO - Train Loss: 0.4874, Val Loss: 0.2369, Val Acc: 0.9233
2024-05-20 01:25:06,735 - utils - INFO - Epoch 9/10:
2024-05-20 01:25:34,019 - utils - INFO - Skipped 0 batches during training
2024-05-20 01:25:52,899 - utils - INFO - Skipped 0 batches during validation
2024-05-20 01:25:52,900 - utils - INFO - Train Loss: 0.2500, Val Loss: 0.1436, Val Acc: 0.9537
2024-05-20 01:25:52,900 - utils - INFO - Epoch 10/10:
2024-05-20 01:26:20,961 - utils - INFO - Skipped 0 batches during training
2024-05-20 01:26:38,022 - utils - INFO - Skipped 0 batches during validation
2024-05-20 01:26:38,022 - utils - INFO - Train Loss: 0.2047, Val Loss: 0.1694, Val Acc: 0.9456
2024-05-20 02:00:43,385 - utils - INFO - Epoch 1/10:
2024-05-20 02:14:10,357 - utils - INFO - Epoch 1/10:
2024-05-20 02:14:56,973 - utils - INFO - Skipped 0 batches during training
2024-05-20 02:15:06,872 - utils - INFO - Skipped 0 batches during validation
2024-05-20 02:15:06,873 - utils - INFO - Train Loss: 0.8220, Val Loss: 0.7525, Val Acc: 0.7483
2024-05-20 02:15:06,873 - utils - INFO - Epoch 2/10:
2024-05-20 02:15:50,576 - utils - INFO - Skipped 0 batches during training
2024-05-20 02:16:00,483 - utils - INFO - Skipped 0 batches during validation
2024-05-20 02:16:00,484 - utils - INFO - Train Loss: 0.4849, Val Loss: 0.5585, Val Acc: 0.8085
2024-05-20 02:16:00,484 - utils - INFO - Epoch 3/10:
2024-05-20 02:16:46,379 - utils - INFO - Skipped 0 batches during training
2024-05-20 02:16:56,143 - utils - INFO - Skipped 0 batches during validation
2024-05-20 02:16:56,145 - utils - INFO - Train Loss: 0.3628, Val Loss: 0.4833, Val Acc: 0.8385
2024-05-20 02:16:56,145 - utils - INFO - Epoch 4/10:
2024-05-20 02:17:39,923 - utils - INFO - Skipped 0 batches during training
2024-05-20 02:17:49,882 - utils - INFO - Skipped 0 batches during validation
2024-05-20 02:17:49,883 - utils - INFO - Train Loss: 0.2726, Val Loss: 0.4219, Val Acc: 0.8609
2024-05-20 02:17:49,883 - utils - INFO - Epoch 5/10:
2024-05-20 02:18:33,437 - utils - INFO - Skipped 0 batches during training
2024-05-20 02:18:43,568 - utils - INFO - Skipped 0 batches during validation
2024-05-20 02:18:43,568 - utils - INFO - Train Loss: 0.2113, Val Loss: 0.4196, Val Acc: 0.8639
2024-05-20 02:18:43,568 - utils - INFO - Epoch 6/10:
2024-05-20 02:19:28,375 - utils - INFO - Skipped 0 batches during training
2024-05-20 02:19:39,236 - utils - INFO - Skipped 0 batches during validation
2024-05-20 02:19:39,237 - utils - INFO - Train Loss: 0.1664, Val Loss: 0.5298, Val Acc: 0.8479
2024-05-20 02:19:39,237 - utils - INFO - Epoch 7/10:
2024-05-20 02:20:23,617 - utils - INFO - Skipped 0 batches during training
2024-05-20 02:20:33,554 - utils - INFO - Skipped 0 batches during validation
2024-05-20 02:20:33,554 - utils - INFO - Train Loss: 0.1327, Val Loss: 0.5399, Val Acc: 0.8442
2024-05-20 02:20:33,555 - utils - INFO - Epoch 8/10:
2024-05-20 02:21:16,941 - utils - INFO - Skipped 0 batches during training
2024-05-20 02:21:26,902 - utils - INFO - Skipped 0 batches during validation
2024-05-20 02:21:26,902 - utils - INFO - Train Loss: 0.1146, Val Loss: 0.5243, Val Acc: 0.8485
2024-05-20 02:21:26,902 - utils - INFO - Epoch 9/10:
2024-05-20 02:22:10,339 - utils - INFO - Skipped 0 batches during training
2024-05-20 02:22:22,004 - utils - INFO - Skipped 0 batches during validation
2024-05-20 02:22:22,006 - utils - INFO - Train Loss: 0.0972, Val Loss: 0.5123, Val Acc: 0.8584
2024-05-20 02:22:22,006 - utils - INFO - Epoch 10/10:
2024-05-20 02:23:06,557 - utils - INFO - Skipped 0 batches during training
2024-05-20 02:23:16,517 - utils - INFO - Skipped 0 batches during validation
2024-05-20 02:23:16,518 - utils - INFO - Train Loss: 0.0877, Val Loss: 0.6710, Val Acc: 0.8316
2024-05-20 02:23:16,518 - utils - INFO - Early stopping triggered. Training stopped.
2024-05-20 02:34:18,358 - utils - INFO - Epoch 1/10:
2024-05-20 02:35:06,076 - utils - INFO - Skipped 0 batches during training
2024-05-20 02:35:16,196 - utils - INFO - Skipped 0 batches during validation
2024-05-20 02:35:16,197 - utils - INFO - Train Loss: 0.7828, Val Loss: 0.7950, Val Acc: 0.7454
2024-05-20 02:35:16,197 - utils - INFO - Epoch 2/10:
2024-05-20 02:36:00,602 - utils - INFO - Skipped 0 batches during training
2024-05-20 02:36:10,582 - utils - INFO - Skipped 0 batches during validation
2024-05-20 02:36:10,583 - utils - INFO - Train Loss: 0.4733, Val Loss: 0.5482, Val Acc: 0.8165
2024-05-20 02:36:10,583 - utils - INFO - Epoch 3/10:
2024-05-20 02:36:54,430 - utils - INFO - Skipped 0 batches during training
2024-05-20 02:37:04,337 - utils - INFO - Skipped 0 batches during validation
2024-05-20 02:37:04,337 - utils - INFO - Train Loss: 0.3389, Val Loss: 0.4159, Val Acc: 0.8595
2024-05-20 02:37:04,338 - utils - INFO - Epoch 4/10:
2024-05-20 02:37:49,707 - utils - INFO - Skipped 0 batches during training
2024-05-20 02:37:59,622 - utils - INFO - Skipped 0 batches during validation
2024-05-20 02:37:59,622 - utils - INFO - Train Loss: 0.2657, Val Loss: 0.4375, Val Acc: 0.8518
2024-05-20 02:37:59,622 - utils - INFO - Epoch 5/10:
2024-05-20 02:38:43,687 - utils - INFO - Skipped 0 batches during training
2024-05-20 02:38:53,841 - utils - INFO - Skipped 0 batches during validation
2024-05-20 02:38:53,841 - utils - INFO - Train Loss: 0.2040, Val Loss: 0.5236, Val Acc: 0.8386
2024-05-20 02:38:53,842 - utils - INFO - Epoch 6/10:
2024-05-20 02:39:37,561 - utils - INFO - Skipped 0 batches during training
2024-05-20 02:39:47,746 - utils - INFO - Skipped 0 batches during validation
2024-05-20 02:39:47,746 - utils - INFO - Train Loss: 0.1689, Val Loss: 0.4683, Val Acc: 0.8598
2024-05-20 02:39:47,746 - utils - INFO - Epoch 7/10:
2024-05-20 02:40:32,524 - utils - INFO - Skipped 0 batches during training
2024-05-20 02:40:43,553 - utils - INFO - Skipped 0 batches during validation
2024-05-20 02:40:43,553 - utils - INFO - Train Loss: 0.1249, Val Loss: 0.4537, Val Acc: 0.8651
2024-05-20 02:40:43,553 - utils - INFO - Epoch 8/10:
2024-05-20 02:44:07,044 - utils - INFO - Skipped 0 batches during training
2024-05-20 02:45:40,935 - utils - INFO - Skipped 0 batches during validation
2024-05-20 02:45:40,935 - utils - INFO - Train Loss: 0.1198, Val Loss: 0.4591, Val Acc: 0.8591
2024-05-20 02:45:40,935 - utils - INFO - Early stopping triggered. Training stopped.
2024-05-20 02:46:47,126 - utils - INFO - Skipped 0 batches during validation
2024-05-20 02:48:56,544 - utils - INFO - Epoch 1/10:
2024-05-20 02:52:58,377 - utils - INFO - Skipped 0 batches during training
2024-05-20 02:54:31,974 - utils - INFO - Skipped 0 batches during validation
2024-05-20 02:54:31,974 - utils - INFO - Train Loss: 0.8073, Val Loss: 0.7029, Val Acc: 0.7534
2024-05-20 02:54:31,974 - utils - INFO - Epoch 2/10:
2024-05-20 02:55:15,974 - utils - INFO - Skipped 0 batches during training
2024-05-20 02:55:25,777 - utils - INFO - Skipped 0 batches during validation
2024-05-20 02:55:25,777 - utils - INFO - Train Loss: 0.4681, Val Loss: 0.6196, Val Acc: 0.7933
2024-05-20 02:55:25,778 - utils - INFO - Epoch 3/10:
2024-05-20 02:56:11,292 - utils - INFO - Skipped 0 batches during training
2024-05-20 02:56:21,254 - utils - INFO - Skipped 0 batches during validation
2024-05-20 02:56:21,255 - utils - INFO - Train Loss: 0.3531, Val Loss: 0.7688, Val Acc: 0.7546
2024-05-20 02:56:21,255 - utils - INFO - Epoch 4/10:
2024-05-20 02:57:05,279 - utils - INFO - Skipped 0 batches during training
2024-05-20 02:57:15,245 - utils - INFO - Skipped 0 batches during validation
2024-05-20 02:57:15,245 - utils - INFO - Train Loss: 0.2650, Val Loss: 0.5643, Val Acc: 0.8283
2024-05-20 02:57:15,245 - utils - INFO - Epoch 5/10:
2024-05-20 02:57:58,741 - utils - INFO - Skipped 0 batches during training
2024-05-20 02:58:08,632 - utils - INFO - Skipped 0 batches during validation
2024-05-20 02:58:08,633 - utils - INFO - Train Loss: 0.2107, Val Loss: 0.5801, Val Acc: 0.8242
2024-05-20 02:58:08,633 - utils - INFO - Epoch 6/10:
2024-05-20 02:58:54,288 - utils - INFO - Skipped 0 batches during training
2024-05-20 02:59:04,025 - utils - INFO - Skipped 0 batches during validation
2024-05-20 02:59:04,027 - utils - INFO - Train Loss: 0.1655, Val Loss: 0.4187, Val Acc: 0.8691
2024-05-20 02:59:04,027 - utils - INFO - Epoch 7/10:
2024-05-20 02:59:48,328 - utils - INFO - Skipped 0 batches during training
2024-05-20 02:59:58,275 - utils - INFO - Skipped 0 batches during validation
2024-05-20 02:59:58,275 - utils - INFO - Train Loss: 0.1435, Val Loss: 0.4081, Val Acc: 0.8734
2024-05-20 02:59:58,275 - utils - INFO - Epoch 8/10:
2024-05-20 03:00:41,952 - utils - INFO - Skipped 0 batches during training
2024-05-20 03:00:51,885 - utils - INFO - Skipped 0 batches during validation
2024-05-20 03:00:51,885 - utils - INFO - Train Loss: 0.1114, Val Loss: 0.4606, Val Acc: 0.8639
2024-05-20 03:00:51,886 - utils - INFO - Epoch 9/10:
2024-05-20 03:01:36,215 - utils - INFO - Skipped 0 batches during training
2024-05-20 03:01:47,115 - utils - INFO - Skipped 0 batches during validation
2024-05-20 03:01:47,116 - utils - INFO - Train Loss: 0.0978, Val Loss: 0.3984, Val Acc: 0.8804
2024-05-20 03:01:47,116 - utils - INFO - Epoch 10/10:
2024-05-20 03:02:31,977 - utils - INFO - Skipped 0 batches during training
2024-05-20 03:02:41,801 - utils - INFO - Skipped 0 batches during validation
2024-05-20 03:02:41,802 - utils - INFO - Train Loss: 0.0850, Val Loss: 0.5491, Val Acc: 0.8583
2024-05-20 04:15:21,726 - utils - INFO - Splitting dataset into 5 batches and saving to data\batches
2024-05-20 04:35:15,704 - utils - INFO - Epoch 1/10:
2024-05-20 04:36:34,457 - utils - INFO - Splitting dataset into 5 batches and saving to data\batches
2024-05-20 04:52:17,738 - utils - INFO - Splitting dataset into 5 batches and saving to data\batches
2024-05-20 05:02:58,469 - utils - INFO - Splitting dataset into 5 batches and saving to data\batches
2024-05-20 05:22:33,404 - utils - INFO - Epoch 1/10:
2024-05-20 05:28:41,147 - utils - INFO - Skipped 0 batches during training
2024-05-20 05:28:57,876 - utils - INFO - Skipped 0 batches during validation
2024-05-20 05:28:57,877 - utils - INFO - Train Loss: 1.2453, Val Loss: 1.2523, Val Acc: 0.5843
2024-05-20 05:28:57,877 - utils - INFO - Epoch 2/10:
2024-05-20 05:29:26,361 - utils - INFO - Skipped 0 batches during training
2024-05-20 05:29:42,730 - utils - INFO - Skipped 0 batches during validation
2024-05-20 05:29:42,730 - utils - INFO - Train Loss: 0.9686, Val Loss: 1.0287, Val Acc: 0.6791
2024-05-20 05:29:42,730 - utils - INFO - Epoch 3/10:
2024-05-20 05:30:09,144 - utils - INFO - Skipped 0 batches during training
2024-05-20 05:30:27,728 - utils - INFO - Skipped 0 batches during validation
2024-05-20 05:30:27,729 - utils - INFO - Train Loss: 0.7814, Val Loss: 0.6394, Val Acc: 0.7786
2024-05-20 05:30:27,729 - utils - INFO - Epoch 4/10:
2024-05-20 05:30:56,434 - utils - INFO - Skipped 0 batches during training
2024-05-20 05:31:13,976 - utils - INFO - Skipped 0 batches during validation
2024-05-20 05:31:13,976 - utils - INFO - Train Loss: 0.6292, Val Loss: 0.7025, Val Acc: 0.7877
2024-05-20 05:31:13,976 - utils - INFO - Epoch 5/10:
2024-05-20 05:31:42,153 - utils - INFO - Skipped 0 batches during training
2024-05-20 05:31:59,798 - utils - INFO - Skipped 0 batches during validation
2024-05-20 05:31:59,799 - utils - INFO - Train Loss: 0.9747, Val Loss: 1.5446, Val Acc: 0.5488
2024-05-20 05:31:59,799 - utils - INFO - Epoch 6/10:
2024-05-20 05:32:27,846 - utils - INFO - Skipped 0 batches during training
2024-05-20 05:32:45,293 - utils - INFO - Skipped 0 batches during validation
2024-05-20 05:32:45,293 - utils - INFO - Train Loss: 0.9151, Val Loss: 0.6138, Val Acc: 0.7989
2024-05-20 05:32:45,294 - utils - INFO - Epoch 7/10:
2024-05-20 05:33:13,410 - utils - INFO - Skipped 0 batches during training
2024-05-20 05:33:32,036 - utils - INFO - Skipped 0 batches during validation
2024-05-20 05:33:32,036 - utils - INFO - Train Loss: 0.6334, Val Loss: 0.4740, Val Acc: 0.8387
2024-05-20 05:33:32,036 - utils - INFO - Epoch 8/10:
2024-05-20 05:34:00,002 - utils - INFO - Skipped 0 batches during training
2024-05-20 05:34:17,589 - utils - INFO - Skipped 0 batches during validation
2024-05-20 05:34:17,589 - utils - INFO - Train Loss: 0.4891, Val Loss: 0.3370, Val Acc: 0.8870
2024-05-20 05:34:17,591 - utils - INFO - Epoch 9/10:
2024-05-20 05:34:45,755 - utils - INFO - Skipped 0 batches during training
2024-05-20 05:35:03,325 - utils - INFO - Skipped 0 batches during validation
2024-05-20 05:35:03,326 - utils - INFO - Train Loss: 0.4376, Val Loss: 0.3311, Val Acc: 0.8865
2024-05-20 05:35:03,326 - utils - INFO - Epoch 10/10:
2024-05-20 05:35:31,534 - utils - INFO - Skipped 0 batches during training
2024-05-20 05:35:49,137 - utils - INFO - Skipped 0 batches during validation
2024-05-20 05:35:49,137 - utils - INFO - Train Loss: 0.3557, Val Loss: 0.2154, Val Acc: 0.9290
2024-05-20 05:38:12,764 - utils - INFO - Splitting dataset into 5 batches and saving to data\batches
2024-05-20 05:44:09,734 - utils - INFO - Splitting dataset into 5 batches and saving to data\batches
2024-05-20 05:51:55,448 - utils - INFO - Splitting dataset into 5 batches and saving to data\batches
2024-05-20 06:03:50,271 - utils - INFO - Splitting dataset into 5 batches and saving to data\batches
2024-05-20 06:04:34,359 - utils - INFO - Extracting test batch and saving to data\batches\test_batch
2024-05-20 07:11:11,051 - utils - INFO - Splitting dataset into 5 batches and saving to data\batches
2024-05-20 07:13:46,868 - utils - INFO - Splitting dataset into 5 batches and saving to data\batches
2024-05-20 07:16:54,229 - utils - INFO - Splitting dataset into 5 batches and saving to data\batches
2024-05-20 13:12:19,388 - utils - INFO - Splitting dataset into 5 batches and saving to data\batches
2024-05-20 13:49:46,141 - utils - INFO - Epoch 1/10:
2024-05-20 14:01:45,669 - utils - INFO - Skipped 0 batches during training
2024-05-20 14:02:02,260 - utils - INFO - Skipped 0 batches during validation
2024-05-20 14:02:02,260 - utils - INFO - Train Loss: 1.0533, Val Loss: 0.6747, Val Acc: 0.7642
2024-05-20 14:02:02,261 - utils - INFO - Epoch 2/10:
2024-05-20 14:02:29,360 - utils - INFO - Skipped 0 batches during training
2024-05-20 14:02:45,935 - utils - INFO - Skipped 0 batches during validation
2024-05-20 14:02:45,936 - utils - INFO - Train Loss: 0.7552, Val Loss: 0.5098, Val Acc: 0.8277
2024-05-20 14:02:45,936 - utils - INFO - Epoch 3/10:
2024-05-20 14:03:12,896 - utils - INFO - Skipped 0 batches during training
2024-05-20 14:03:29,772 - utils - INFO - Skipped 0 batches during validation
2024-05-20 14:03:29,772 - utils - INFO - Train Loss: 0.6082, Val Loss: 0.4259, Val Acc: 0.8548
2024-05-20 14:03:29,772 - utils - INFO - Epoch 4/10:
2024-05-20 14:03:56,621 - utils - INFO - Skipped 0 batches during training
2024-05-20 14:04:13,068 - utils - INFO - Skipped 0 batches during validation
2024-05-20 14:04:13,068 - utils - INFO - Train Loss: 0.5481, Val Loss: 0.4006, Val Acc: 0.8641
2024-05-20 14:04:13,068 - utils - INFO - Epoch 5/10:
2024-05-20 14:04:40,120 - utils - INFO - Skipped 0 batches during training
2024-05-20 14:04:56,795 - utils - INFO - Skipped 0 batches during validation
2024-05-20 14:04:56,795 - utils - INFO - Train Loss: 0.3940, Val Loss: 0.3066, Val Acc: 0.8974
2024-05-20 14:04:56,795 - utils - INFO - Epoch 6/10:
2024-05-20 14:05:23,992 - utils - INFO - Skipped 0 batches during training
2024-05-20 14:05:40,441 - utils - INFO - Skipped 0 batches during validation
2024-05-20 14:05:40,442 - utils - INFO - Train Loss: 0.5607, Val Loss: 0.4048, Val Acc: 0.8617
2024-05-20 14:05:40,442 - utils - INFO - Epoch 7/10:
2024-05-20 14:06:07,675 - utils - INFO - Skipped 0 batches during training
2024-05-20 14:06:24,385 - utils - INFO - Skipped 0 batches during validation
2024-05-20 14:06:24,385 - utils - INFO - Train Loss: 0.5009, Val Loss: 0.2178, Val Acc: 0.9274
2024-05-20 14:06:24,385 - utils - INFO - Epoch 8/10:
2024-05-20 14:06:51,311 - utils - INFO - Skipped 0 batches during training
2024-05-20 14:07:08,028 - utils - INFO - Skipped 0 batches during validation
2024-05-20 14:07:08,029 - utils - INFO - Train Loss: 0.4042, Val Loss: 0.1954, Val Acc: 0.9361
2024-05-20 14:07:08,029 - utils - INFO - Epoch 9/10:
2024-05-20 14:07:35,013 - utils - INFO - Skipped 0 batches during training
2024-05-20 14:07:51,867 - utils - INFO - Skipped 0 batches during validation
2024-05-20 14:07:51,867 - utils - INFO - Train Loss: 0.2628, Val Loss: 0.1455, Val Acc: 0.9512
2024-05-20 14:07:51,867 - utils - INFO - Epoch 10/10:
2024-05-20 14:08:19,301 - utils - INFO - Skipped 0 batches during training
2024-05-20 14:08:36,125 - utils - INFO - Skipped 0 batches during validation
2024-05-20 14:08:36,125 - utils - INFO - Train Loss: 0.1924, Val Loss: 0.1187, Val Acc: 0.9602
2024-05-20 14:11:55,338 - utils - INFO - Test Accuracy: 0.8164
2024-05-27 13:19:48,234 - utils - INFO - Splitting dataset into 5 batches and saving to data\batches
2024-05-27 13:22:13,497 - utils - INFO - Epoch 1/10:
2024-05-27 14:09:05,874 - utils - INFO - Splitting dataset into 3 batches and saving to data\batches
2024-05-27 14:11:16,926 - utils - INFO - Epoch 1/10:
2024-05-27 14:20:33,553 - utils - INFO - Skipped 0 batches during training
2024-05-27 14:20:48,645 - utils - INFO - Skipped 0 batches during validation
2024-05-27 14:20:48,645 - utils - INFO - Train Loss: 1.0265, Val Loss: 0.6938, Val Acc: 0.7627
2024-05-27 14:20:48,645 - utils - INFO - Epoch 2/10:
2024-05-27 14:21:13,034 - utils - INFO - Skipped 0 batches during training
2024-05-27 14:21:28,187 - utils - INFO - Skipped 0 batches during validation
2024-05-27 14:21:28,188 - utils - INFO - Train Loss: 0.7484, Val Loss: 0.5629, Val Acc: 0.8097
2024-05-27 14:21:28,188 - utils - INFO - Epoch 3/10:
2024-05-27 14:21:52,507 - utils - INFO - Skipped 0 batches during training
2024-05-27 14:22:07,654 - utils - INFO - Skipped 0 batches during validation
2024-05-27 14:22:07,655 - utils - INFO - Train Loss: 0.6817, Val Loss: 0.4724, Val Acc: 0.8433
2024-05-27 14:22:07,655 - utils - INFO - Epoch 4/10:
2024-05-27 14:22:32,099 - utils - INFO - Skipped 0 batches during training
2024-05-27 14:22:47,270 - utils - INFO - Skipped 0 batches during validation
2024-05-27 14:22:47,270 - utils - INFO - Train Loss: 0.6264, Val Loss: 0.4177, Val Acc: 0.8576
2024-05-27 14:22:47,270 - utils - INFO - Epoch 5/10:
2024-05-27 14:23:11,745 - utils - INFO - Skipped 0 batches during training
2024-05-27 14:23:26,870 - utils - INFO - Skipped 0 batches during validation
2024-05-27 14:23:26,870 - utils - INFO - Train Loss: 0.4830, Val Loss: 0.4753, Val Acc: 0.8644
2024-05-27 14:23:26,870 - utils - INFO - Epoch 6/10:
2024-05-27 14:23:51,512 - utils - INFO - Skipped 0 batches during training
2024-05-27 14:24:06,792 - utils - INFO - Skipped 0 batches during validation
2024-05-27 14:24:06,792 - utils - INFO - Train Loss: 0.3740, Val Loss: 0.2929, Val Acc: 0.9007
2024-05-27 14:24:06,792 - utils - INFO - Epoch 7/10:
2024-05-27 14:24:31,372 - utils - INFO - Skipped 0 batches during training
2024-05-27 14:24:46,702 - utils - INFO - Skipped 0 batches during validation
2024-05-27 14:24:46,702 - utils - INFO - Train Loss: 0.3655, Val Loss: 0.2338, Val Acc: 0.9233
2024-05-27 14:24:46,702 - utils - INFO - Epoch 8/10:
2024-05-27 14:25:11,285 - utils - INFO - Skipped 0 batches during training
2024-05-27 14:25:26,568 - utils - INFO - Skipped 0 batches during validation
2024-05-27 14:25:26,568 - utils - INFO - Train Loss: 0.3687, Val Loss: 0.1782, Val Acc: 0.9418
2024-05-27 14:25:26,568 - utils - INFO - Epoch 9/10:
2024-05-27 14:25:51,128 - utils - INFO - Skipped 0 batches during training
2024-05-27 14:26:06,371 - utils - INFO - Skipped 0 batches during validation
2024-05-27 14:26:06,371 - utils - INFO - Train Loss: 0.2390, Val Loss: 0.1468, Val Acc: 0.9519
2024-05-27 14:26:06,371 - utils - INFO - Epoch 10/10:
2024-05-27 14:26:30,814 - utils - INFO - Skipped 0 batches during training
2024-05-27 14:26:46,024 - utils - INFO - Skipped 0 batches during validation
2024-05-27 14:26:46,024 - utils - INFO - Train Loss: 0.1954, Val Loss: 0.1110, Val Acc: 0.9639
2024-05-27 14:32:07,016 - utils - INFO - Test Accuracy: 0.8205
2024-05-28 14:11:39,956 - utils - INFO - Splitting dataset into 5 batches and saving to data\batches
2024-05-28 14:49:08,053 - utils - INFO - Epoch 1/10:
2024-05-28 15:02:13,940 - utils - INFO - Skipped 0 batches during training
2024-05-28 15:11:48,874 - utils - INFO - Skipped 0 batches during validation
2024-05-28 15:11:48,906 - utils - INFO - Train Loss: 1.1294, Val Loss: 0.9388, Val Acc: 0.6794
2024-05-28 15:11:48,906 - utils - INFO - Epoch 2/10:
2024-05-28 15:26:19,565 - utils - INFO - Skipped 0 batches during training
2024-05-28 15:31:06,543 - utils - INFO - Skipped 0 batches during validation
2024-05-28 15:31:06,543 - utils - INFO - Train Loss: 0.7333, Val Loss: 0.5416, Val Acc: 0.8154
2024-05-28 15:31:06,544 - utils - INFO - Epoch 3/10:
2024-05-28 15:31:38,958 - utils - INFO - Skipped 0 batches during training
2024-05-28 15:31:58,382 - utils - INFO - Skipped 0 batches during validation
2024-05-28 15:31:58,382 - utils - INFO - Train Loss: 0.6461, Val Loss: 0.9802, Val Acc: 0.7349
2024-05-28 15:31:58,382 - utils - INFO - Epoch 4/10:
2024-05-28 15:32:29,228 - utils - INFO - Skipped 0 batches during training
2024-05-28 15:32:48,480 - utils - INFO - Skipped 0 batches during validation
2024-05-28 15:32:48,480 - utils - INFO - Train Loss: 0.9286, Val Loss: 0.6423, Val Acc: 0.7871
2024-05-28 15:32:48,481 - utils - INFO - Epoch 5/10:
2024-05-28 15:33:18,539 - utils - INFO - Skipped 0 batches during training
2024-05-28 15:33:37,649 - utils - INFO - Skipped 0 batches during validation
2024-05-28 15:33:37,650 - utils - INFO - Train Loss: 0.5596, Val Loss: 0.3836, Val Acc: 0.8717
2024-05-28 15:33:37,650 - utils - INFO - Epoch 6/10:
2024-05-28 15:34:07,969 - utils - INFO - Skipped 0 batches during training
2024-05-28 15:34:27,664 - utils - INFO - Skipped 0 batches during validation
2024-05-28 15:34:27,664 - utils - INFO - Train Loss: 0.4968, Val Loss: 0.3397, Val Acc: 0.8893
2024-05-28 15:34:27,664 - utils - INFO - Epoch 7/10:
2024-05-28 15:35:00,356 - utils - INFO - Skipped 0 batches during training
2024-05-28 15:35:18,990 - utils - INFO - Skipped 0 batches during validation
2024-05-28 15:35:18,990 - utils - INFO - Train Loss: 0.3929, Val Loss: 0.2509, Val Acc: 0.9182
2024-05-28 15:35:18,990 - utils - INFO - Epoch 8/10:
2024-05-28 15:35:52,455 - utils - INFO - Skipped 0 batches during training
2024-05-28 15:36:11,041 - utils - INFO - Skipped 0 batches during validation
2024-05-28 15:36:11,041 - utils - INFO - Train Loss: 0.4329, Val Loss: 0.7824, Val Acc: 0.7967
2024-05-28 15:36:11,041 - utils - INFO - Epoch 9/10:
2024-05-28 15:36:39,869 - utils - INFO - Skipped 0 batches during training
2024-05-28 15:36:57,920 - utils - INFO - Skipped 0 batches during validation
2024-05-28 15:36:57,921 - utils - INFO - Train Loss: 0.5877, Val Loss: 0.3475, Val Acc: 0.8828
2024-05-28 15:36:57,921 - utils - INFO - Epoch 10/10:
2024-05-28 15:37:26,553 - utils - INFO - Skipped 0 batches during training
2024-05-28 15:37:44,503 - utils - INFO - Skipped 0 batches during validation
2024-05-28 15:37:44,503 - utils - INFO - Train Loss: 0.3427, Val Loss: 0.1482, Val Acc: 0.9532
2024-05-28 15:42:37,631 - utils - INFO - Test Accuracy: 0.8191
2024-09-10 18:46:56,884 - utils - INFO - Splitting dataset into 5 batches and saving to data\batches
2024-09-10 18:49:20,739 - utils - INFO - Epoch 1/10:
2024-09-10 18:51:57,531 - utils - INFO - Skipped 0 batches during training
2024-09-10 18:52:21,221 - utils - INFO - Skipped 0 batches during validation
2024-09-10 18:52:21,222 - utils - INFO - Train Loss: 1.2982, Val Loss: 0.9725, Val Acc: 0.7103
2024-09-10 18:52:21,222 - utils - INFO - Epoch 2/10:
2024-09-10 18:54:54,801 - utils - INFO - Skipped 0 batches during training
2024-09-10 18:55:18,966 - utils - INFO - Skipped 0 batches during validation
2024-09-10 18:55:18,966 - utils - INFO - Train Loss: 0.8817, Val Loss: 2.1430, Val Acc: 0.5478
2024-09-10 18:55:18,967 - utils - INFO - Epoch 3/10:
2024-09-10 18:57:52,914 - utils - INFO - Skipped 0 batches during training
2024-09-10 18:58:18,538 - utils - INFO - Skipped 0 batches during validation
2024-09-10 18:58:18,539 - utils - INFO - Train Loss: 0.8762, Val Loss: 0.4812, Val Acc: 0.8406
2024-09-10 18:58:18,539 - utils - INFO - Epoch 4/10:
2024-09-10 19:00:53,797 - utils - INFO - Skipped 0 batches during training
2024-09-10 19:01:19,417 - utils - INFO - Skipped 0 batches during validation
2024-09-10 19:01:19,418 - utils - INFO - Train Loss: 0.5830, Val Loss: 0.3125, Val Acc: 0.9026
2024-09-10 19:01:19,418 - utils - INFO - Epoch 5/10:
2024-09-10 19:03:53,447 - utils - INFO - Skipped 0 batches during training
2024-09-10 19:04:18,919 - utils - INFO - Skipped 0 batches during validation
2024-09-10 19:04:18,920 - utils - INFO - Train Loss: 0.4165, Val Loss: 0.3424, Val Acc: 0.8848
2024-09-10 19:04:18,920 - utils - INFO - Epoch 6/10:
2024-09-10 19:06:53,791 - utils - INFO - Skipped 0 batches during training
2024-09-10 19:07:19,487 - utils - INFO - Skipped 0 batches during validation
2024-09-10 19:07:19,487 - utils - INFO - Train Loss: 0.3579, Val Loss: 0.2858, Val Acc: 0.9082
2024-09-10 19:07:19,487 - utils - INFO - Epoch 7/10:
2024-09-10 19:09:55,912 - utils - INFO - Skipped 0 batches during training
2024-09-10 19:10:21,867 - utils - INFO - Skipped 0 batches during validation
2024-09-10 19:10:21,867 - utils - INFO - Train Loss: 0.4878, Val Loss: 0.3360, Val Acc: 0.8888
2024-09-10 19:10:21,867 - utils - INFO - Epoch 8/10:
2024-09-10 19:12:58,614 - utils - INFO - Skipped 0 batches during training
2024-09-10 19:13:24,349 - utils - INFO - Skipped 0 batches during validation
2024-09-10 19:13:24,350 - utils - INFO - Train Loss: 0.3144, Val Loss: 0.1622, Val Acc: 0.9487
2024-09-10 19:13:24,350 - utils - INFO - Epoch 9/10:
2024-09-10 19:15:59,014 - utils - INFO - Skipped 0 batches during training
2024-09-10 19:16:24,889 - utils - INFO - Skipped 0 batches during validation
2024-09-10 19:16:24,890 - utils - INFO - Train Loss: 0.1905, Val Loss: 0.1984, Val Acc: 0.9375
2024-09-10 19:16:24,890 - utils - INFO - Epoch 10/10:
2024-09-10 19:18:59,481 - utils - INFO - Skipped 0 batches during training
2024-09-10 19:19:25,127 - utils - INFO - Skipped 0 batches during validation
2024-09-10 19:19:25,128 - utils - INFO - Train Loss: 0.2337, Val Loss: 0.1219, Val Acc: 0.9601
2024-09-10 19:20:34,583 - utils - INFO - Test Accuracy: 0.7296
